[debug] ----------------------------------------------------------------------
[debug] Command:      /usr/local/bin/node /usr/local/bin/firebase deploy
[debug] CLI Version:  3.2.3
[debug] Platform:     darwin
[debug] Node Version: v7.5.0
[debug] Time:         Sun Jun 04 2017 13:46:59 GMT-0700 (PDT)
[debug] ----------------------------------------------------------------------
[debug] 
[debug] > command requires scopes: ["email","openid","https://www.googleapis.com/auth/cloudplatformprojects.readonly","https://www.googleapis.com/auth/firebase"]
[debug] >>> HTTP REQUEST GET https://admin.firebase.com/v1/projects/bigboardofgames-8b5a8  
 Sun Jun 04 2017 13:46:59 GMT-0700 (PDT)
[debug] <<< HTTP RESPONSE 200
[debug] >>> HTTP REQUEST GET https://admin.firebase.com/v1/database/bigboardofgames-8b5a8/tokens  
 Sun Jun 04 2017 13:47:01 GMT-0700 (PDT)
[debug] <<< HTTP RESPONSE 200
[info] 
[info] === Deploying to 'bigboardofgames-8b5a8'...
[info] 
[info] i  deploying database, hosting
[info] ✔  database: rules ready to deploy.
[info] i  hosting: preparing public directory for upload...
[debug] >>> HTTP REQUEST PUT https://deploy.firebase.com/v1/hosting/bigboardofgames-8b5a8/uploads/-Klor6-n0m1csaVjJ9Gw?fileCount=443&message=  
 Sun Jun 04 2017 13:47:19 GMT-0700 (PDT)
[debug] Error: write EPIPE
    at exports._errnoException (util.js:1023:11)
    at WriteWrap.afterWrite [as oncomplete] (net.js:804:14)
[error] 
[error] Error: Server Error. write EPIPE
[debug] ----------------------------------------------------------------------
[debug] Command:      /usr/local/bin/node /usr/local/bin/firebase deploy
[debug] CLI Version:  3.2.3
[debug] Platform:     darwin
[debug] Node Version: v7.5.0
[debug] Time:         Sun Jun 04 2017 21:16:56 GMT-0700 (PDT)
[debug] ----------------------------------------------------------------------
[debug] 
[debug] > command requires scopes: ["email","openid","https://www.googleapis.com/auth/cloudplatformprojects.readonly","https://www.googleapis.com/auth/firebase"]
[debug] > refreshing access token with scopes: ["email","https://www.googleapis.com/auth/cloudplatformprojects.readonly","https://www.googleapis.com/auth/firebase","openid"]
[debug] >>> HTTP REQUEST POST https://www.googleapis.com/oauth2/v3/token { refresh_token: '1/-NG5Gfu1dE-gHaJWqwNwIyq7QWCZVoDHY-EXzlk0PwJJZiNaGYmdNTE02v9RPdH9',
  client_id: '563584335869-fgrhgmd47bqnekij5i8b5pr03ho849e6.apps.googleusercontent.com',
  client_secret: 'j9iVZfS8kkCEFUPaAeJV0sAi',
  grant_type: 'refresh_token',
  scope: 'email https://www.googleapis.com/auth/cloudplatformprojects.readonly https://www.googleapis.com/auth/firebase openid' } 
 Sun Jun 04 2017 21:16:56 GMT-0700 (PDT)
[debug] <<< HTTP RESPONSE 200
[debug] >>> HTTP REQUEST GET https://admin.firebase.com/v1/projects/bigboardofgames-8b5a8  
 Sun Jun 04 2017 21:16:57 GMT-0700 (PDT)
[debug] <<< HTTP RESPONSE 200
[debug] >>> HTTP REQUEST GET https://admin.firebase.com/v1/database/bigboardofgames-8b5a8/tokens  
 Sun Jun 04 2017 21:16:57 GMT-0700 (PDT)
[debug] <<< HTTP RESPONSE 200
[info] 
[info] === Deploying to 'bigboardofgames-8b5a8'...
[info] 
[info] i  deploying database, hosting
[info] ✔  database: rules ready to deploy.
[info] i  hosting: preparing public directory for upload...
[debug] >>> HTTP REQUEST PUT https://deploy.firebase.com/v1/hosting/bigboardofgames-8b5a8/uploads/-KlqT4wiG3hHsQZlM1LW?fileCount=443&message=  
 Sun Jun 04 2017 21:17:21 GMT-0700 (PDT)
[debug] Error: write EPIPE
    at exports._errnoException (util.js:1023:11)
    at WriteWrap.afterWrite [as oncomplete] (net.js:804:14)
[error] 
[error] Error: Server Error. write EPIPE
[debug] ----------------------------------------------------------------------
[debug] Command:      /usr/local/bin/node /usr/local/bin/firebase deploy
[debug] CLI Version:  3.2.3
[debug] Platform:     darwin
[debug] Node Version: v7.5.0
[debug] Time:         Sun Jun 04 2017 21:54:03 GMT-0700 (PDT)
[debug] ----------------------------------------------------------------------
[debug] 
[debug] > command requires scopes: ["email","openid","https://www.googleapis.com/auth/cloudplatformprojects.readonly","https://www.googleapis.com/auth/firebase"]
[debug] >>> HTTP REQUEST GET https://admin.firebase.com/v1/projects/bigboardofgames-8b5a8  
 Sun Jun 04 2017 21:54:03 GMT-0700 (PDT)
[debug] <<< HTTP RESPONSE 200
[debug] >>> HTTP REQUEST GET https://admin.firebase.com/v1/database/bigboardofgames-8b5a8/tokens  
 Sun Jun 04 2017 21:54:03 GMT-0700 (PDT)
[debug] <<< HTTP RESPONSE 200
[info] 
[info] === Deploying to 'bigboardofgames-8b5a8'...
[info] 
[info] i  deploying database, hosting
[info] ✔  database: rules ready to deploy.
[info] i  hosting: preparing public directory for upload...
[debug] >>> HTTP REQUEST PUT https://deploy.firebase.com/v1/hosting/bigboardofgames-8b5a8/uploads/-Klqa_O2Xs9MZwQSGdhd?fileCount=443&message=  
 Sun Jun 04 2017 21:54:27 GMT-0700 (PDT)
[debug] Error: write EPIPE
    at exports._errnoException (util.js:1023:11)
    at WriteWrap.afterWrite [as oncomplete] (net.js:804:14)
[error] 
[error] Error: Server Error. write EPIPE
[debug] ----------------------------------------------------------------------
[debug] Command:      /usr/local/bin/node /usr/local/bin/firebase deploy
[debug] CLI Version:  3.2.3
[debug] Platform:     darwin
[debug] Node Version: v7.5.0
[debug] Time:         Mon Jun 05 2017 22:09:25 GMT-0700 (PDT)
[debug] ----------------------------------------------------------------------
[debug] 
[debug] > command requires scopes: ["email","openid","https://www.googleapis.com/auth/cloudplatformprojects.readonly","https://www.googleapis.com/auth/firebase"]
[debug] > refreshing access token with scopes: ["email","https://www.googleapis.com/auth/cloudplatformprojects.readonly","https://www.googleapis.com/auth/firebase","openid"]
[debug] >>> HTTP REQUEST POST https://www.googleapis.com/oauth2/v3/token { refresh_token: '1/-NG5Gfu1dE-gHaJWqwNwIyq7QWCZVoDHY-EXzlk0PwJJZiNaGYmdNTE02v9RPdH9',
  client_id: '563584335869-fgrhgmd47bqnekij5i8b5pr03ho849e6.apps.googleusercontent.com',
  client_secret: 'j9iVZfS8kkCEFUPaAeJV0sAi',
  grant_type: 'refresh_token',
  scope: 'email https://www.googleapis.com/auth/cloudplatformprojects.readonly https://www.googleapis.com/auth/firebase openid' } 
 Mon Jun 05 2017 22:09:25 GMT-0700 (PDT)
[debug] <<< HTTP RESPONSE 200
[debug] >>> HTTP REQUEST GET https://admin.firebase.com/v1/projects/bigboardofgames-8b5a8  
 Mon Jun 05 2017 22:09:26 GMT-0700 (PDT)
[debug] <<< HTTP RESPONSE 200
[debug] >>> HTTP REQUEST GET https://admin.firebase.com/v1/database/bigboardofgames-8b5a8/tokens  
 Mon Jun 05 2017 22:09:27 GMT-0700 (PDT)
[debug] <<< HTTP RESPONSE 200
[info] 
[info] === Deploying to 'bigboardofgames-8b5a8'...
[info] 
[info] i  deploying database, hosting
[info] ✔  database: rules ready to deploy.
[info] i  hosting: preparing public directory for upload...
[debug] >>> HTTP REQUEST PUT https://deploy.firebase.com/v1/hosting/bigboardofgames-8b5a8/uploads/-KlvnfJW0jtuUyzCiVu2?fileCount=443&message=  
 Mon Jun 05 2017 22:09:47 GMT-0700 (PDT)
